2020-05-10 17:46:37,830 INFO 21801 [egg:logger] init all loggers with options: {"dir":"/Users/pika/project/iblockchain-ssr/logs/egg-ssr-dva","encoding":"utf8","env":"local","level":"INFO","consoleLevel":"INFO","disableConsoleAfterReady":false,"outputJSON":false,"buffer":true,"appLogName":"egg-ssr-dva-web.log","coreLogName":"egg-web.log","agentLogName":"egg-agent.log","errorLogName":"common-error.log","coreLogger":{"consoleLevel":"WARN"},"allowDebugAtProd":false,"type":"application"}
2020-05-10 17:46:37,861 INFO 21801 [egg-multipart] stream mode enable
2020-05-10 17:46:37,929 INFO 21801 [egg-static] starting static serve / -> /Users/pika/project/iblockchain-ssr/dist
2020-05-10 17:46:37,930 INFO 21801 [egg-static] starting static serve / -> /Users/pika/project/iblockchain-ssr/app/public
2020-05-10 17:46:37,932 INFO 21801 [egg-security] use csrf middleware
2020-05-10 17:46:37,933 INFO 21801 [egg-security] use methodnoallow middleware
2020-05-10 17:46:37,934 INFO 21801 [egg-security] use noopen middleware
2020-05-10 17:46:37,934 INFO 21801 [egg-security] use nosniff middleware
2020-05-10 17:46:37,935 INFO 21801 [egg-security] use xssProtection middleware
2020-05-10 17:46:37,936 INFO 21801 [egg-security] use xframe middleware
2020-05-10 17:46:37,937 INFO 21801 [egg-security] use dta middleware
2020-05-10 17:46:37,937 INFO 21801 [egg-security] compose 7 middlewares into one security middleware
2020-05-10 17:46:37,995 INFO 21801 [egg:core] dump config after load, 8ms
2020-05-10 17:46:38,014 INFO 21801 [egg-watcher:application] watcher start success
2020-05-10 17:46:38,025 INFO 21801 [egg:core] dump config after ready, 8ms
2020-05-10 17:52:34,320 INFO 21892 [egg:logger] init all loggers with options: {"dir":"/Users/pika/project/iblockchain-ssr/logs/egg-ssr-dva","encoding":"utf8","env":"local","level":"INFO","consoleLevel":"INFO","disableConsoleAfterReady":false,"outputJSON":false,"buffer":true,"appLogName":"egg-ssr-dva-web.log","coreLogName":"egg-web.log","agentLogName":"egg-agent.log","errorLogName":"common-error.log","coreLogger":{"consoleLevel":"WARN"},"allowDebugAtProd":false,"type":"application"}
2020-05-10 17:52:34,361 INFO 21892 [egg-multipart] stream mode enable
2020-05-10 17:52:34,438 INFO 21892 [egg-static] starting static serve / -> /Users/pika/project/iblockchain-ssr/dist
2020-05-10 17:52:34,438 INFO 21892 [egg-static] starting static serve / -> /Users/pika/project/iblockchain-ssr/app/public
2020-05-10 17:52:34,441 INFO 21892 [egg-security] use csrf middleware
2020-05-10 17:52:34,442 INFO 21892 [egg-security] use methodnoallow middleware
2020-05-10 17:52:34,443 INFO 21892 [egg-security] use noopen middleware
2020-05-10 17:52:34,444 INFO 21892 [egg-security] use nosniff middleware
2020-05-10 17:52:34,445 INFO 21892 [egg-security] use xssProtection middleware
2020-05-10 17:52:34,445 INFO 21892 [egg-security] use xframe middleware
2020-05-10 17:52:34,446 INFO 21892 [egg-security] use dta middleware
2020-05-10 17:52:34,446 INFO 21892 [egg-security] compose 7 middlewares into one security middleware
2020-05-10 17:52:34,536 INFO 21892 [egg:core] dump config after load, 7ms
2020-05-10 17:52:34,553 INFO 21892 [egg-watcher:application] watcher start success
2020-05-10 17:52:34,563 INFO 21892 [egg:core] dump config after ready, 8ms
2020-05-10 17:55:05,295 INFO 21987 [egg:logger] init all loggers with options: {"dir":"/Users/pika/project/iblockchain-ssr/logs/egg-ssr-dva","encoding":"utf8","env":"local","level":"INFO","consoleLevel":"INFO","disableConsoleAfterReady":false,"outputJSON":false,"buffer":true,"appLogName":"egg-ssr-dva-web.log","coreLogName":"egg-web.log","agentLogName":"egg-agent.log","errorLogName":"common-error.log","coreLogger":{"consoleLevel":"WARN"},"allowDebugAtProd":false,"type":"application"}
2020-05-10 17:55:05,329 INFO 21987 [egg-multipart] stream mode enable
2020-05-10 17:55:05,424 INFO 21987 [egg-static] starting static serve / -> /Users/pika/project/iblockchain-ssr/dist
2020-05-10 17:55:05,425 INFO 21987 [egg-static] starting static serve / -> /Users/pika/project/iblockchain-ssr/app/public
2020-05-10 17:55:05,428 INFO 21987 [egg-security] use csrf middleware
2020-05-10 17:55:05,430 INFO 21987 [egg-security] use methodnoallow middleware
2020-05-10 17:55:05,431 INFO 21987 [egg-security] use noopen middleware
2020-05-10 17:55:05,434 INFO 21987 [egg-security] use nosniff middleware
2020-05-10 17:55:05,435 INFO 21987 [egg-security] use xssProtection middleware
2020-05-10 17:55:05,436 INFO 21987 [egg-security] use xframe middleware
2020-05-10 17:55:05,437 INFO 21987 [egg-security] use dta middleware
2020-05-10 17:55:05,437 INFO 21987 [egg-security] compose 7 middlewares into one security middleware
2020-05-10 17:55:05,514 INFO 21987 [egg:core] dump config after load, 6ms
2020-05-10 17:55:05,535 INFO 21987 [egg-watcher:application] watcher start success
2020-05-10 17:55:05,548 INFO 21987 [egg:core] dump config after ready, 10ms
2020-05-10 18:13:09,873 INFO 22521 [egg:logger] init all loggers with options: {"dir":"/Users/pika/project/iblockchain-ssr/logs/egg-ssr-dva","encoding":"utf8","env":"local","level":"INFO","consoleLevel":"INFO","disableConsoleAfterReady":false,"outputJSON":false,"buffer":true,"appLogName":"egg-ssr-dva-web.log","coreLogName":"egg-web.log","agentLogName":"egg-agent.log","errorLogName":"common-error.log","coreLogger":{"consoleLevel":"WARN"},"allowDebugAtProd":false,"type":"application"}
2020-05-10 18:13:09,894 INFO 22521 [egg-multipart] stream mode enable
2020-05-10 18:13:09,957 INFO 22521 [egg-static] starting static serve / -> /Users/pika/project/iblockchain-ssr/dist
2020-05-10 18:13:09,958 INFO 22521 [egg-static] starting static serve / -> /Users/pika/project/iblockchain-ssr/app/public
2020-05-10 18:13:09,959 INFO 22521 [egg-security] use csrf middleware
2020-05-10 18:13:09,960 INFO 22521 [egg-security] use methodnoallow middleware
2020-05-10 18:13:09,960 INFO 22521 [egg-security] use noopen middleware
2020-05-10 18:13:09,961 INFO 22521 [egg-security] use nosniff middleware
2020-05-10 18:13:09,962 INFO 22521 [egg-security] use xssProtection middleware
2020-05-10 18:13:09,962 INFO 22521 [egg-security] use xframe middleware
2020-05-10 18:13:09,962 INFO 22521 [egg-security] use dta middleware
2020-05-10 18:13:09,962 INFO 22521 [egg-security] compose 7 middlewares into one security middleware
2020-05-10 18:13:10,024 INFO 22521 [egg:core] dump config after load, 5ms
2020-05-10 18:13:10,032 INFO 22521 [egg-watcher:application] watcher start success
2020-05-10 18:13:10,039 INFO 22521 [egg:core] dump config after ready, 5ms
2020-05-10 19:27:41,100 INFO 22824 [egg:logger] init all loggers with options: {"dir":"/Users/pika/project/iblockchain-ssr/logs/egg-ssr-dva","encoding":"utf8","env":"local","level":"INFO","consoleLevel":"INFO","disableConsoleAfterReady":false,"outputJSON":false,"buffer":true,"appLogName":"egg-ssr-dva-web.log","coreLogName":"egg-web.log","agentLogName":"egg-agent.log","errorLogName":"common-error.log","coreLogger":{"consoleLevel":"WARN"},"allowDebugAtProd":false,"type":"application"}
2020-05-10 19:27:41,129 INFO 22824 [egg-multipart] stream mode enable
2020-05-10 19:27:41,209 INFO 22824 [egg-static] starting static serve / -> /Users/pika/project/iblockchain-ssr/dist
2020-05-10 19:27:41,210 INFO 22824 [egg-static] starting static serve / -> /Users/pika/project/iblockchain-ssr/app/public
2020-05-10 19:27:41,212 INFO 22824 [egg-security] use csrf middleware
2020-05-10 19:27:41,213 INFO 22824 [egg-security] use methodnoallow middleware
2020-05-10 19:27:41,213 INFO 22824 [egg-security] use noopen middleware
2020-05-10 19:27:41,214 INFO 22824 [egg-security] use nosniff middleware
2020-05-10 19:27:41,215 INFO 22824 [egg-security] use xssProtection middleware
2020-05-10 19:27:41,216 INFO 22824 [egg-security] use xframe middleware
2020-05-10 19:27:41,216 INFO 22824 [egg-security] use dta middleware
2020-05-10 19:27:41,216 INFO 22824 [egg-security] compose 7 middlewares into one security middleware
2020-05-10 19:27:41,320 INFO 22824 [egg:core] dump config after load, 10ms
2020-05-10 19:27:41,342 INFO 22824 [egg-watcher:application] watcher start success
2020-05-10 19:27:41,351 INFO 22824 [egg:core] dump config after ready, 7ms
2020-05-10 19:33:49,363 INFO 22898 [egg:logger] init all loggers with options: {"dir":"/Users/pika/project/iblockchain-ssr/logs/egg-ssr-dva","encoding":"utf8","env":"local","level":"INFO","consoleLevel":"INFO","disableConsoleAfterReady":false,"outputJSON":false,"buffer":true,"appLogName":"egg-ssr-dva-web.log","coreLogName":"egg-web.log","agentLogName":"egg-agent.log","errorLogName":"common-error.log","coreLogger":{"consoleLevel":"WARN"},"allowDebugAtProd":false,"type":"application"}
2020-05-10 19:33:49,389 INFO 22898 [egg-multipart] stream mode enable
2020-05-10 19:33:49,450 INFO 22898 [egg-static] starting static serve / -> /Users/pika/project/iblockchain-ssr/dist
2020-05-10 19:33:49,451 INFO 22898 [egg-static] starting static serve / -> /Users/pika/project/iblockchain-ssr/app/public
2020-05-10 19:33:49,454 INFO 22898 [egg-security] use csrf middleware
2020-05-10 19:33:49,455 INFO 22898 [egg-security] use methodnoallow middleware
2020-05-10 19:33:49,455 INFO 22898 [egg-security] use noopen middleware
2020-05-10 19:33:49,456 INFO 22898 [egg-security] use nosniff middleware
2020-05-10 19:33:49,456 INFO 22898 [egg-security] use xssProtection middleware
2020-05-10 19:33:49,457 INFO 22898 [egg-security] use xframe middleware
2020-05-10 19:33:49,457 INFO 22898 [egg-security] use dta middleware
2020-05-10 19:33:49,457 INFO 22898 [egg-security] compose 7 middlewares into one security middleware
2020-05-10 19:33:49,556 INFO 22898 [egg:core] dump config after load, 6ms
2020-05-10 19:33:49,569 INFO 22898 [egg-watcher:application] watcher start success
2020-05-10 19:33:49,579 INFO 22898 [egg:core] dump config after ready, 7ms
2020-05-10 19:35:33,709 INFO 22952 [egg:logger] init all loggers with options: {"dir":"/Users/pika/project/iblockchain-ssr/logs/egg-ssr-dva","encoding":"utf8","env":"local","level":"INFO","consoleLevel":"INFO","disableConsoleAfterReady":false,"outputJSON":false,"buffer":true,"appLogName":"egg-ssr-dva-web.log","coreLogName":"egg-web.log","agentLogName":"egg-agent.log","errorLogName":"common-error.log","coreLogger":{"consoleLevel":"WARN"},"allowDebugAtProd":false,"type":"application"}
2020-05-10 19:35:33,756 INFO 22952 [egg-multipart] stream mode enable
2020-05-10 19:35:33,969 INFO 22952 [egg-static] starting static serve / -> /Users/pika/project/iblockchain-ssr/dist
2020-05-10 19:35:33,970 INFO 22952 [egg-static] starting static serve / -> /Users/pika/project/iblockchain-ssr/app/public
2020-05-10 19:35:33,975 INFO 22952 [egg-security] use csrf middleware
2020-05-10 19:35:33,977 INFO 22952 [egg-security] use methodnoallow middleware
2020-05-10 19:35:33,978 INFO 22952 [egg-security] use noopen middleware
2020-05-10 19:35:33,979 INFO 22952 [egg-security] use nosniff middleware
2020-05-10 19:35:33,980 INFO 22952 [egg-security] use xssProtection middleware
2020-05-10 19:35:33,982 INFO 22952 [egg-security] use xframe middleware
2020-05-10 19:35:33,983 INFO 22952 [egg-security] use dta middleware
2020-05-10 19:35:33,983 INFO 22952 [egg-security] compose 7 middlewares into one security middleware
2020-05-10 19:35:34,086 INFO 22952 [egg:core] dump config after load, 8ms
2020-05-10 19:35:34,104 INFO 22952 [egg-watcher:application] watcher start success
2020-05-10 19:35:34,117 INFO 22952 [egg:core] dump config after ready, 8ms
2020-05-10 22:14:14,670 WARN 22952 [ClusterClient:Watcher] follower closed, and try to init it again
2020-05-10 22:19:51,412 WARN 22952 [ClusterClient:Watcher] follower closed, and try to init it again
